<?xml version="1.0" encoding="UTF-8"?>
<robot generator="Robot 5.0.1 (Python 3.8.10 on linux)" generated="20220923 08:21:49.130" rpa="false" schemaversion="3">
<suite id="s1" name="Task1" source="/home/goh/Desktop/QA/Robot Framework Projects/Robot Framework Task 1/task1.robot">
<test id="s1-t1" name="Login to Deriv" line="5">
<kw name="Login" library="resources">
<kw name="Open Browser" library="SeleniumLibrary">
<arg>https://app.deriv.com/</arg>
<arg>chrome</arg>
<doc>Opens a new browser instance to the optional ``url``.</doc>
<msg timestamp="20220923 08:21:49.214" level="INFO">Opening browser 'chrome' to base url 'https://app.deriv.com/'.</msg>
<status status="PASS" starttime="20220923 08:21:49.214" endtime="20220923 08:21:53.567"/>
</kw>
<kw name="Maximize Browser Window" library="SeleniumLibrary">
<doc>Maximizes current browser window.</doc>
<status status="PASS" starttime="20220923 08:21:53.568" endtime="20220923 08:21:53.672"/>
</kw>
<kw name="Wait Until Page Contains Element" library="SeleniumLibrary">
<arg>${rise button}</arg>
<arg>30</arg>
<doc>Waits until the element ``locator`` appears on the current page.</doc>
<status status="PASS" starttime="20220923 08:21:53.673" endtime="20220923 08:21:56.699"/>
</kw>
<kw name="Click Element" library="SeleniumLibrary">
<arg>dt_login_button</arg>
<doc>Click the element identified by ``locator``.</doc>
<msg timestamp="20220923 08:21:56.700" level="INFO">Clicking element 'dt_login_button'.</msg>
<status status="PASS" starttime="20220923 08:21:56.699" endtime="20220923 08:21:59.153"/>
</kw>
<kw name="Wait Until Page Contains Element" library="SeleniumLibrary">
<arg>${email field}</arg>
<arg>10</arg>
<doc>Waits until the element ``locator`` appears on the current page.</doc>
<status status="PASS" starttime="20220923 08:21:59.153" endtime="20220923 08:21:59.162"/>
</kw>
<kw name="Input Text" library="SeleniumLibrary">
<arg>${email field}</arg>
<arg>si.yu@besquare.com.my</arg>
<doc>Types the given ``text`` into the text field identified by ``locator``.</doc>
<msg timestamp="20220923 08:21:59.162" level="INFO">Typing text 'si.yu@besquare.com.my' into text field '//input[@type='email']'.</msg>
<status status="PASS" starttime="20220923 08:21:59.162" endtime="20220923 08:21:59.217"/>
</kw>
<kw name="Input Text" library="SeleniumLibrary">
<arg>//input[@type='password']</arg>
<arg>DerivPassWord123</arg>
<doc>Types the given ``text`` into the text field identified by ``locator``.</doc>
<msg timestamp="20220923 08:21:59.217" level="INFO">Typing text 'DerivPassWord123' into text field '//input[@type='password']'.</msg>
<status status="PASS" starttime="20220923 08:21:59.217" endtime="20220923 08:21:59.270"/>
</kw>
<kw name="Click Element" library="SeleniumLibrary">
<arg>//button[@type='submit']</arg>
<doc>Click the element identified by ``locator``.</doc>
<msg timestamp="20220923 08:21:59.270" level="INFO">Clicking element '//button[@type='submit']'.</msg>
<status status="PASS" starttime="20220923 08:21:59.270" endtime="20220923 08:22:02.086"/>
</kw>
<kw name="Wait Until Page Does Not Contain Element" library="SeleniumLibrary">
<arg>${loading interface}</arg>
<arg>30</arg>
<doc>Waits until the element ``locator`` disappears from the current page.</doc>
<status status="PASS" starttime="20220923 08:22:02.086" endtime="20220923 08:22:06.125"/>
</kw>
<status status="PASS" starttime="20220923 08:21:49.214" endtime="20220923 08:22:06.125"/>
</kw>
<status status="PASS" starttime="20220923 08:21:49.213" endtime="20220923 08:22:06.125"/>
</test>
<test id="s1-t2" name="Validate Real Account" line="8">
<kw name="Check Real Account" library="resources">
<kw name="Click Element" library="SeleniumLibrary">
<arg>${account info button}</arg>
<doc>Click the element identified by ``locator``.</doc>
<msg timestamp="20220923 08:22:06.128" level="INFO">Clicking element 'dt_core_account-info_acc-info'.</msg>
<status status="PASS" starttime="20220923 08:22:06.127" endtime="20220923 08:22:06.310"/>
</kw>
<kw name="Wait Until Page Contains Element" library="SeleniumLibrary">
<arg>//*[@class='acc-switcher__account acc-switcher__account--selected']</arg>
<doc>Waits until the element ``locator`` appears on the current page.</doc>
<status status="PASS" starttime="20220923 08:22:06.310" endtime="20220923 08:22:06.383"/>
</kw>
<status status="PASS" starttime="20220923 08:22:06.127" endtime="20220923 08:22:06.383"/>
</kw>
<status status="PASS" starttime="20220923 08:22:06.126" endtime="20220923 08:22:06.383"/>
</test>
<test id="s1-t3" name="Switch to Virtual Account" line="11">
<kw name="Switch to Demo" library="resources">
<kw name="Click Element" library="SeleniumLibrary">
<arg>dt_core_account-switcher_demo-tab</arg>
<doc>Click the element identified by ``locator``.</doc>
<msg timestamp="20220923 08:22:06.386" level="INFO">Clicking element 'dt_core_account-switcher_demo-tab'.</msg>
<status status="PASS" starttime="20220923 08:22:06.385" endtime="20220923 08:22:06.705"/>
</kw>
<kw name="Click Element" library="SeleniumLibrary">
<arg>//*[@class='acc-switcher__id']</arg>
<doc>Click the element identified by ``locator``.</doc>
<msg timestamp="20220923 08:22:06.705" level="INFO">Clicking element '//*[@class='acc-switcher__id']'.</msg>
<status status="PASS" starttime="20220923 08:22:06.705" endtime="20220923 08:22:06.866"/>
</kw>
<status status="PASS" starttime="20220923 08:22:06.385" endtime="20220923 08:22:06.866"/>
</kw>
<status status="PASS" starttime="20220923 08:22:06.384" endtime="20220923 08:22:06.866"/>
</test>
<test id="s1-t4" name="Validate Virtual Account" line="15">
<kw name="Check Demo Account" library="resources">
<kw name="Wait Until Page Does Not Contain Element" library="SeleniumLibrary">
<arg>${loading interface}</arg>
<arg>30</arg>
<doc>Waits until the element ``locator`` disappears from the current page.</doc>
<status status="PASS" starttime="20220923 08:22:06.867" endtime="20220923 08:22:11.827"/>
</kw>
<kw name="Click Element" library="SeleniumLibrary">
<arg>${account info button}</arg>
<doc>Click the element identified by ``locator``.</doc>
<msg timestamp="20220923 08:22:11.828" level="INFO">Clicking element 'dt_core_account-info_acc-info'.</msg>
<status status="PASS" starttime="20220923 08:22:11.827" endtime="20220923 08:22:11.879"/>
</kw>
<kw name="Wait Until Page Contains Element" library="SeleniumLibrary">
<arg>//*[@class='acc-switcher__account acc-switcher__account--selected']</arg>
<doc>Waits until the element ``locator`` appears on the current page.</doc>
<status status="PASS" starttime="20220923 08:22:11.879" endtime="20220923 08:22:11.885"/>
</kw>
<status status="PASS" starttime="20220923 08:22:06.867" endtime="20220923 08:22:11.885"/>
</kw>
<status status="PASS" starttime="20220923 08:22:06.866" endtime="20220923 08:22:11.885"/>
</test>
<status status="PASS" starttime="20220923 08:21:49.130" endtime="20220923 08:22:11.886"/>
</suite>
<statistics>
<total>
<stat pass="4" fail="0" skip="0">All Tests</stat>
</total>
<tag>
</tag>
<suite>
<stat pass="4" fail="0" skip="0" id="s1" name="Task1">Task1</stat>
</suite>
</statistics>
<errors>
</errors>
</robot>
