<?xml version="1.0" encoding="UTF-8"?>
<robot generator="Robot 5.0.1 (Python 3.8.10 on linux)" generated="20220923 08:29:50.479" rpa="false" schemaversion="3">
<suite id="s1" name="Task4" source="/home/goh/Desktop/QA/Robot Framework Projects/Robot Framework Task 4/task4.robot">
<test id="s1-t1" name="Login Demo" line="6">
<kw name="Login" library="resources">
<kw name="Open Browser" library="SeleniumLibrary">
<arg>https://app.deriv.com/</arg>
<arg>chrome</arg>
<doc>Opens a new browser instance to the optional ``url``.</doc>
<msg timestamp="20220923 08:29:50.575" level="INFO">Opening browser 'chrome' to base url 'https://app.deriv.com/'.</msg>
<status status="PASS" starttime="20220923 08:29:50.575" endtime="20220923 08:29:54.599"/>
</kw>
<kw name="Maximize Browser Window" library="SeleniumLibrary">
<doc>Maximizes current browser window.</doc>
<status status="PASS" starttime="20220923 08:29:54.599" endtime="20220923 08:29:54.704"/>
</kw>
<kw name="Wait Until Page Contains Element" library="SeleniumLibrary">
<arg>${rise button}</arg>
<arg>30</arg>
<doc>Waits until the element ``locator`` appears on the current page.</doc>
<status status="PASS" starttime="20220923 08:29:54.705" endtime="20220923 08:29:57.177"/>
</kw>
<kw name="Click Element" library="SeleniumLibrary">
<arg>dt_login_button</arg>
<doc>Click the element identified by ``locator``.</doc>
<msg timestamp="20220923 08:29:57.178" level="INFO">Clicking element 'dt_login_button'.</msg>
<status status="PASS" starttime="20220923 08:29:57.177" endtime="20220923 08:30:00.233"/>
</kw>
<kw name="Wait Until Page Contains Element" library="SeleniumLibrary">
<arg>${email field}</arg>
<arg>10</arg>
<doc>Waits until the element ``locator`` appears on the current page.</doc>
<status status="PASS" starttime="20220923 08:30:00.233" endtime="20220923 08:30:00.244"/>
</kw>
<kw name="Input Text" library="SeleniumLibrary">
<arg>${email field}</arg>
<arg>si.yu@besquare.com.my</arg>
<doc>Types the given ``text`` into the text field identified by ``locator``.</doc>
<msg timestamp="20220923 08:30:00.245" level="INFO">Typing text 'si.yu@besquare.com.my' into text field '//input[@type='email']'.</msg>
<status status="PASS" starttime="20220923 08:30:00.244" endtime="20220923 08:30:00.303"/>
</kw>
<kw name="Input Text" library="SeleniumLibrary">
<arg>//input[@type='password']</arg>
<arg>DerivPassWord123</arg>
<doc>Types the given ``text`` into the text field identified by ``locator``.</doc>
<msg timestamp="20220923 08:30:00.304" level="INFO">Typing text 'DerivPassWord123' into text field '//input[@type='password']'.</msg>
<status status="PASS" starttime="20220923 08:30:00.303" endtime="20220923 08:30:00.361"/>
</kw>
<kw name="Click Element" library="SeleniumLibrary">
<arg>//button[@type='submit']</arg>
<doc>Click the element identified by ``locator``.</doc>
<msg timestamp="20220923 08:30:00.362" level="INFO">Clicking element '//button[@type='submit']'.</msg>
<status status="PASS" starttime="20220923 08:30:00.361" endtime="20220923 08:30:01.930"/>
</kw>
<kw name="Wait Until Page Does Not Contain Element" library="SeleniumLibrary">
<arg>${loading interface}</arg>
<arg>30</arg>
<doc>Waits until the element ``locator`` disappears from the current page.</doc>
<status status="PASS" starttime="20220923 08:30:01.931" endtime="20220923 08:30:06.226"/>
</kw>
<status status="PASS" starttime="20220923 08:29:50.575" endtime="20220923 08:30:06.226"/>
</kw>
<kw name="Check Real Account" library="resources">
<kw name="Click Element" library="SeleniumLibrary">
<arg>${account info button}</arg>
<doc>Click the element identified by ``locator``.</doc>
<msg timestamp="20220923 08:30:06.227" level="INFO">Clicking element 'dt_core_account-info_acc-info'.</msg>
<status status="PASS" starttime="20220923 08:30:06.227" endtime="20220923 08:30:06.383"/>
</kw>
<kw name="Wait Until Page Contains Element" library="SeleniumLibrary">
<arg>//*[@class='acc-switcher__account acc-switcher__account--selected']</arg>
<doc>Waits until the element ``locator`` appears on the current page.</doc>
<status status="PASS" starttime="20220923 08:30:06.383" endtime="20220923 08:30:06.465"/>
</kw>
<status status="PASS" starttime="20220923 08:30:06.226" endtime="20220923 08:30:06.465"/>
</kw>
<kw name="Switch to Demo" library="resources">
<kw name="Click Element" library="SeleniumLibrary">
<arg>dt_core_account-switcher_demo-tab</arg>
<doc>Click the element identified by ``locator``.</doc>
<msg timestamp="20220923 08:30:06.466" level="INFO">Clicking element 'dt_core_account-switcher_demo-tab'.</msg>
<status status="PASS" starttime="20220923 08:30:06.466" endtime="20220923 08:30:06.706"/>
</kw>
<kw name="Click Element" library="SeleniumLibrary">
<arg>//*[@class='acc-switcher__id']</arg>
<doc>Click the element identified by ``locator``.</doc>
<msg timestamp="20220923 08:30:06.707" level="INFO">Clicking element '//*[@class='acc-switcher__id']'.</msg>
<status status="PASS" starttime="20220923 08:30:06.706" endtime="20220923 08:30:06.895"/>
</kw>
<status status="PASS" starttime="20220923 08:30:06.465" endtime="20220923 08:30:06.896"/>
</kw>
<kw name="Check Demo Account" library="resources">
<kw name="Wait Until Page Does Not Contain Element" library="SeleniumLibrary">
<arg>${loading interface}</arg>
<arg>30</arg>
<doc>Waits until the element ``locator`` disappears from the current page.</doc>
<status status="PASS" starttime="20220923 08:30:06.897" endtime="20220923 08:30:12.185"/>
</kw>
<kw name="Click Element" library="SeleniumLibrary">
<arg>${account info button}</arg>
<doc>Click the element identified by ``locator``.</doc>
<msg timestamp="20220923 08:30:12.186" level="INFO">Clicking element 'dt_core_account-info_acc-info'.</msg>
<status status="PASS" starttime="20220923 08:30:12.185" endtime="20220923 08:30:12.332"/>
</kw>
<kw name="Wait Until Page Contains Element" library="SeleniumLibrary">
<arg>//*[@class='acc-switcher__account acc-switcher__account--selected']</arg>
<doc>Waits until the element ``locator`` appears on the current page.</doc>
<status status="PASS" starttime="20220923 08:30:12.332" endtime="20220923 08:30:12.363"/>
</kw>
<status status="PASS" starttime="20220923 08:30:06.897" endtime="20220923 08:30:12.364"/>
</kw>
<status status="PASS" starttime="20220923 08:29:50.574" endtime="20220923 08:30:12.364"/>
</test>
<test id="s1-t2" name="Underlying" line="12">
<kw name="Select Underlying" library="resources">
<arg>Forex</arg>
<arg>AUD/USD</arg>
<kw name="Click Element" library="SeleniumLibrary">
<arg>//*[@class="cq-symbol-select-btn"]</arg>
<doc>Click the element identified by ``locator``.</doc>
<msg timestamp="20220923 08:30:12.366" level="INFO">Clicking element '//*[@class="cq-symbol-select-btn"]'.</msg>
<status status="PASS" starttime="20220923 08:30:12.366" endtime="20220923 08:30:12.536"/>
</kw>
<kw name="Click Element" library="SeleniumLibrary">
<arg>//*[@class="sc-mcd__filter__item " and contains(.,'${market}')]</arg>
<doc>Click the element identified by ``locator``.</doc>
<msg timestamp="20220923 08:30:12.537" level="INFO">Clicking element '//*[@class="sc-mcd__filter__item " and contains(.,'Forex')]'.</msg>
<status status="PASS" starttime="20220923 08:30:12.536" endtime="20220923 08:30:12.882"/>
</kw>
<kw name="Wait Until Page Contains Element" library="SeleniumLibrary">
<arg>//*[@class="sc-mcd__filter__item sc-mcd__filter__item--selected"]</arg>
<arg>30</arg>
<doc>Waits until the element ``locator`` appears on the current page.</doc>
<status status="PASS" starttime="20220923 08:30:12.882" endtime="20220923 08:30:12.891"/>
</kw>
<kw name="Click Element" library="SeleniumLibrary">
<arg>//*[@class="sc-mcd__item__name" and contains(.,'${indices}')]</arg>
<doc>Click the element identified by ``locator``.</doc>
<msg timestamp="20220923 08:30:12.891" level="INFO">Clicking element '//*[@class="sc-mcd__item__name" and contains(.,'AUD/USD')]'.</msg>
<status status="PASS" starttime="20220923 08:30:12.891" endtime="20220923 08:30:12.993"/>
</kw>
<status status="PASS" starttime="20220923 08:30:12.365" endtime="20220923 08:30:12.993"/>
</kw>
<status status="PASS" starttime="20220923 08:30:12.365" endtime="20220923 08:30:12.993"/>
</test>
<test id="s1-t3" name="Contract Type" line="15">
<kw name="Select Contract Type" library="resources">
<arg>Higher/Lower</arg>
<kw name="Wait Until Page Contains Element" library="SeleniumLibrary">
<arg>//*[@data-testid="dt_contract_dropdown"]</arg>
<arg>30</arg>
<doc>Waits until the element ``locator`` appears on the current page.</doc>
<status status="PASS" starttime="20220923 08:30:12.994" endtime="20220923 08:30:13.597"/>
</kw>
<kw name="Click Element" library="SeleniumLibrary">
<arg>//*[@data-testid="dt_contract_dropdown"]</arg>
<doc>Click the element identified by ``locator``.</doc>
<msg timestamp="20220923 08:30:13.597" level="INFO">Clicking element '//*[@data-testid="dt_contract_dropdown"]'.</msg>
<status status="PASS" starttime="20220923 08:30:13.597" endtime="20220923 08:30:13.665"/>
</kw>
<kw name="Click Element" library="SeleniumLibrary">
<arg>//*[@class="dc-text contract-type-item__title" and contains(.,'${type}')]</arg>
<doc>Click the element identified by ``locator``.</doc>
<msg timestamp="20220923 08:30:13.666" level="INFO">Clicking element '//*[@class="dc-text contract-type-item__title" and contains(.,'Higher/Lower')]'.</msg>
<status status="PASS" starttime="20220923 08:30:13.665" endtime="20220923 08:30:13.973"/>
</kw>
<status status="PASS" starttime="20220923 08:30:12.994" endtime="20220923 08:30:13.973"/>
</kw>
<status status="PASS" starttime="20220923 08:30:12.993" endtime="20220923 08:30:13.973"/>
</test>
<test id="s1-t4" name="Duration" line="18">
<kw name="Select Duration" library="resources">
<kw name="Press Keys" library="SeleniumLibrary">
<arg>//*[@name="duration"]</arg>
<arg>BACKSPACE</arg>
<doc>Simulates the user pressing key(s) to an element or on the active browser.</doc>
<msg timestamp="20220923 08:30:13.974" level="INFO">Sending key(s) ('BACKSPACE',) to //*[@name="duration"] element.</msg>
<msg timestamp="20220923 08:30:14.578" level="INFO">Pressing special key BACKSPACE to element.</msg>
<msg timestamp="20220923 08:30:14.578" level="INFO">Releasing special key BACKSPACE.</msg>
<status status="PASS" starttime="20220923 08:30:13.974" endtime="20220923 08:30:14.602"/>
</kw>
<kw name="Input Text" library="SeleniumLibrary">
<arg>//*[@name="duration"]</arg>
<arg>4</arg>
<doc>Types the given ``text`` into the text field identified by ``locator``.</doc>
<msg timestamp="20220923 08:30:14.602" level="INFO">Typing text '4' into text field '//*[@name="duration"]'.</msg>
<status status="PASS" starttime="20220923 08:30:14.602" endtime="20220923 08:30:14.763"/>
</kw>
<status status="PASS" starttime="20220923 08:30:13.974" endtime="20220923 08:30:14.763"/>
</kw>
<status status="PASS" starttime="20220923 08:30:13.973" endtime="20220923 08:30:14.763"/>
</test>
<test id="s1-t5" name="Barrier" line="21">
<kw name="Select Barrier" library="resources">
<kw name="Press Keys" library="SeleniumLibrary">
<arg>//*[@class="input trade-container__input trade-container__barriers-input trade-container__barriers-single-input"]</arg>
<arg>HOME</arg>
<arg>SHIFT+=</arg>
<doc>Simulates the user pressing key(s) to an element or on the active browser.</doc>
<msg timestamp="20220923 08:30:14.765" level="INFO">Sending key(s) ('HOME', 'SHIFT+=') to //*[@class="input trade-container__input trade-container__barriers-input trade-container__barriers-single-input"] element.</msg>
<msg timestamp="20220923 08:30:15.310" level="INFO">Pressing special key HOME to element.</msg>
<msg timestamp="20220923 08:30:15.310" level="INFO">Releasing special key HOME.</msg>
<msg timestamp="20220923 08:30:15.346" level="INFO">Pressing special key SHIFT down.</msg>
<msg timestamp="20220923 08:30:15.346" level="INFO">Sending key =</msg>
<msg timestamp="20220923 08:30:15.346" level="INFO">Releasing special key SHIFT.</msg>
<status status="PASS" starttime="20220923 08:30:14.765" endtime="20220923 08:30:15.364"/>
</kw>
<status status="PASS" starttime="20220923 08:30:14.764" endtime="20220923 08:30:15.364"/>
</kw>
<status status="PASS" starttime="20220923 08:30:14.764" endtime="20220923 08:30:15.364"/>
</test>
<test id="s1-t6" name="Payout" line="24">
<kw name="Select Payout" library="resources">
<arg>10.00</arg>
<kw name="Click Element" library="SeleniumLibrary">
<arg>//*[@class="dc-btn dc-btn__toggle dc-button-menu__button" and contains(.,'Payout')]</arg>
<doc>Click the element identified by ``locator``.</doc>
<msg timestamp="20220923 08:30:15.366" level="INFO">Clicking element '//*[@class="dc-btn dc-btn__toggle dc-button-menu__button" and contains(.,'Payout')]'.</msg>
<status status="PASS" starttime="20220923 08:30:15.365" endtime="20220923 08:30:15.452"/>
</kw>
<kw name="Press Keys" library="SeleniumLibrary">
<arg>//*[@class="dc-input-wrapper__input input--has-inline-prefix input trade-container__input"]</arg>
<arg>CTRL+A</arg>
<arg>BACKSPACE</arg>
<doc>Simulates the user pressing key(s) to an element or on the active browser.</doc>
<msg timestamp="20220923 08:30:15.453" level="INFO">Sending key(s) ('CTRL+A', 'BACKSPACE') to //*[@class="dc-input-wrapper__input input--has-inline-prefix input trade-container__input"] element.</msg>
<msg timestamp="20220923 08:30:15.760" level="INFO">Pressing special key CONTROL down.</msg>
<msg timestamp="20220923 08:30:15.760" level="INFO">Sending key A</msg>
<msg timestamp="20220923 08:30:15.760" level="INFO">Releasing special key CONTROL.</msg>
<msg timestamp="20220923 08:30:15.829" level="INFO">Pressing special key BACKSPACE to element.</msg>
<msg timestamp="20220923 08:30:15.829" level="INFO">Releasing special key BACKSPACE.</msg>
<status status="PASS" starttime="20220923 08:30:15.452" endtime="20220923 08:30:15.862"/>
</kw>
<kw name="Input Text" library="SeleniumLibrary">
<arg>//*[@class="dc-input-wrapper__input input--has-inline-prefix input input--error trade-container__input"]</arg>
<arg>${payout}</arg>
<doc>Types the given ``text`` into the text field identified by ``locator``.</doc>
<msg timestamp="20220923 08:30:15.862" level="INFO">Typing text '10.00' into text field '//*[@class="dc-input-wrapper__input input--has-inline-prefix input input--error trade-container__input"]'.</msg>
<status status="PASS" starttime="20220923 08:30:15.862" endtime="20220923 08:30:15.968"/>
</kw>
<status status="PASS" starttime="20220923 08:30:15.365" endtime="20220923 08:30:15.968"/>
</kw>
<status status="PASS" starttime="20220923 08:30:15.364" endtime="20220923 08:30:15.968"/>
</test>
<test id="s1-t7" name="Barrier Error" line="27">
<kw name="Validate Barrier Error" library="resources">
<kw name="Wait Until Page Contains Element" library="SeleniumLibrary">
<arg>//*[@class="trade-container__tooltip dc-tooltip dc-tooltip--error"]</arg>
<doc>Waits until the element ``locator`` appears on the current page.</doc>
<status status="PASS" starttime="20220923 08:30:15.969" endtime="20220923 08:30:17.077"/>
</kw>
<kw name="Wait Until Page Contains Element" library="SeleniumLibrary">
<arg>//*[@class="trade-container__fieldset-wrapper trade-container__fieldset-wrapper--disabled"]</arg>
<doc>Waits until the element ``locator`` appears on the current page.</doc>
<status status="PASS" starttime="20220923 08:30:17.077" endtime="20220923 08:30:17.085"/>
</kw>
<status status="PASS" starttime="20220923 08:30:15.969" endtime="20220923 08:30:17.085"/>
</kw>
<status status="PASS" starttime="20220923 08:30:15.969" endtime="20220923 08:30:17.085"/>
</test>
<status status="PASS" starttime="20220923 08:29:50.480" endtime="20220923 08:30:17.086"/>
</suite>
<statistics>
<total>
<stat pass="7" fail="0" skip="0">All Tests</stat>
</total>
<tag>
</tag>
<suite>
<stat pass="7" fail="0" skip="0" id="s1" name="Task4">Task4</stat>
</suite>
</statistics>
<errors>
</errors>
</robot>
