<?xml version="1.0" encoding="UTF-8"?>
<robot generator="Robot 5.0.1 (Python 3.8.10 on linux)" generated="20220922 18:05:47.092" rpa="false" schemaversion="3">
<suite id="s1" name="Task5" source="/home/goh/Desktop/QA/Robot Framework Projects/Robot Framework Task 5/task5.robot">
<test id="s1-t1" name="Login to Demo" line="38">
<kw name="Login" library="resources">
<kw name="Open Browser" library="SeleniumLibrary">
<arg>https://app.deriv.com/</arg>
<arg>chrome</arg>
<doc>Opens a new browser instance to the optional ``url``.</doc>
<msg timestamp="20220922 18:05:47.222" level="INFO">Opening browser 'chrome' to base url 'https://app.deriv.com/'.</msg>
<status status="PASS" starttime="20220922 18:05:47.222" endtime="20220922 18:05:53.243"/>
</kw>
<kw name="Maximize Browser Window" library="SeleniumLibrary">
<doc>Maximizes current browser window.</doc>
<status status="PASS" starttime="20220922 18:05:53.244" endtime="20220922 18:05:53.424"/>
</kw>
<kw name="Wait Until Page Contains Element" library="SeleniumLibrary">
<arg>//div[@class='btn-purchase__text_wrapper' and contains(.,'Rise')]</arg>
<arg>30</arg>
<doc>Waits until the element ``locator`` appears on the current page.</doc>
<status status="PASS" starttime="20220922 18:05:53.424" endtime="20220922 18:05:54.282"/>
</kw>
<kw name="Click Element" library="SeleniumLibrary">
<arg>dt_login_button</arg>
<doc>Click the element identified by ``locator``.</doc>
<msg timestamp="20220922 18:05:54.282" level="INFO">Clicking element 'dt_login_button'.</msg>
<status status="PASS" starttime="20220922 18:05:54.282" endtime="20220922 18:05:57.066"/>
</kw>
<kw name="Wait Until Page Contains Element" library="SeleniumLibrary">
<arg>${email field}</arg>
<arg>10</arg>
<doc>Waits until the element ``locator`` appears on the current page.</doc>
<status status="PASS" starttime="20220922 18:05:57.066" endtime="20220922 18:05:57.100"/>
</kw>
<kw name="Input Text" library="SeleniumLibrary">
<arg>${email field}</arg>
<arg>si.yu@besquare.com.my</arg>
<doc>Types the given ``text`` into the text field identified by ``locator``.</doc>
<msg timestamp="20220922 18:05:57.100" level="INFO">Typing text 'si.yu@besquare.com.my' into text field '//input[@type='email']'.</msg>
<status status="PASS" starttime="20220922 18:05:57.100" endtime="20220922 18:05:57.211"/>
</kw>
<kw name="Input Text" library="SeleniumLibrary">
<arg>//input[@type='password']</arg>
<arg>DerivPassWord123</arg>
<doc>Types the given ``text`` into the text field identified by ``locator``.</doc>
<msg timestamp="20220922 18:05:57.212" level="INFO">Typing text 'DerivPassWord123' into text field '//input[@type='password']'.</msg>
<status status="PASS" starttime="20220922 18:05:57.212" endtime="20220922 18:05:57.316"/>
</kw>
<kw name="Click Element" library="SeleniumLibrary">
<arg>//button[@type='submit']</arg>
<doc>Click the element identified by ``locator``.</doc>
<msg timestamp="20220922 18:05:57.317" level="INFO">Clicking element '//button[@type='submit']'.</msg>
<status status="PASS" starttime="20220922 18:05:57.317" endtime="20220922 18:06:00.376"/>
</kw>
<kw name="Wait Until Page Does Not Contain Element" library="SeleniumLibrary">
<arg>${loading interface}</arg>
<arg>30</arg>
<doc>Waits until the element ``locator`` disappears from the current page.</doc>
<status status="PASS" starttime="20220922 18:06:00.377" endtime="20220922 18:06:03.229"/>
</kw>
<status status="PASS" starttime="20220922 18:05:47.221" endtime="20220922 18:06:03.229"/>
</kw>
<kw name="Check Real Account" library="resources">
<kw name="Click Element" library="SeleniumLibrary">
<arg>${account info button}</arg>
<doc>Click the element identified by ``locator``.</doc>
<msg timestamp="20220922 18:06:03.231" level="INFO">Clicking element 'dt_core_account-info_acc-info'.</msg>
<status status="PASS" starttime="20220922 18:06:03.230" endtime="20220922 18:06:03.676"/>
</kw>
<kw name="Wait Until Page Contains Element" library="SeleniumLibrary">
<arg>//*[@class='acc-switcher__account acc-switcher__account--selected']</arg>
<doc>Waits until the element ``locator`` appears on the current page.</doc>
<status status="PASS" starttime="20220922 18:06:03.676" endtime="20220922 18:06:03.721"/>
</kw>
<status status="PASS" starttime="20220922 18:06:03.230" endtime="20220922 18:06:03.721"/>
</kw>
<kw name="Switch to Demo" library="resources">
<kw name="Click Element" library="SeleniumLibrary">
<arg>dt_core_account-switcher_demo-tab</arg>
<doc>Click the element identified by ``locator``.</doc>
<msg timestamp="20220922 18:06:03.723" level="INFO">Clicking element 'dt_core_account-switcher_demo-tab'.</msg>
<status status="PASS" starttime="20220922 18:06:03.722" endtime="20220922 18:06:03.845"/>
</kw>
<kw name="Click Element" library="SeleniumLibrary">
<arg>//*[@class='acc-switcher__id']</arg>
<doc>Click the element identified by ``locator``.</doc>
<msg timestamp="20220922 18:06:03.845" level="INFO">Clicking element '//*[@class='acc-switcher__id']'.</msg>
<status status="PASS" starttime="20220922 18:06:03.845" endtime="20220922 18:06:04.036"/>
</kw>
<status status="PASS" starttime="20220922 18:06:03.722" endtime="20220922 18:06:04.037"/>
</kw>
<kw name="Check Demo Account" library="resources">
<kw name="Wait Until Page Does Not Contain Element" library="SeleniumLibrary">
<arg>${loading interface}</arg>
<arg>30</arg>
<doc>Waits until the element ``locator`` disappears from the current page.</doc>
<status status="PASS" starttime="20220922 18:06:04.037" endtime="20220922 18:06:09.656"/>
</kw>
<kw name="Click Element" library="SeleniumLibrary">
<arg>${account info button}</arg>
<doc>Click the element identified by ``locator``.</doc>
<msg timestamp="20220922 18:06:09.665" level="INFO">Clicking element 'dt_core_account-info_acc-info'.</msg>
<status status="PASS" starttime="20220922 18:06:09.664" endtime="20220922 18:06:10.042"/>
</kw>
<kw name="Wait Until Page Contains Element" library="SeleniumLibrary">
<arg>//*[@class='acc-switcher__account acc-switcher__account--selected']</arg>
<doc>Waits until the element ``locator`` appears on the current page.</doc>
<status status="PASS" starttime="20220922 18:06:10.042" endtime="20220922 18:06:10.059"/>
</kw>
<status status="PASS" starttime="20220922 18:06:04.037" endtime="20220922 18:06:10.059"/>
</kw>
<status status="PASS" starttime="20220922 18:05:47.221" endtime="20220922 18:06:10.062"/>
</test>
<test id="s1-t2" name="Underlying" line="44">
<kw name="Select Underlying">
<kw name="Click Element" library="SeleniumLibrary">
<arg>//*[@class="cq-symbol-select-btn"]</arg>
<doc>Click the element identified by ``locator``.</doc>
<msg timestamp="20220922 18:06:10.064" level="INFO">Clicking element '//*[@class="cq-symbol-select-btn"]'.</msg>
<status status="PASS" starttime="20220922 18:06:10.064" endtime="20220922 18:06:10.539"/>
</kw>
<kw name="Click Element" library="SeleniumLibrary">
<arg>//*[@class="sc-mcd__filter__item " and contains(.,'Synthetic Indices')]</arg>
<doc>Click the element identified by ``locator``.</doc>
<msg timestamp="20220922 18:06:10.541" level="INFO">Clicking element '//*[@class="sc-mcd__filter__item " and contains(.,'Synthetic Indices')]'.</msg>
<msg timestamp="20220922 18:06:11.326" level="INFO" html="true">&lt;/td&gt;&lt;/tr&gt;&lt;tr&gt;&lt;td colspan="3"&gt;&lt;a href="selenium-screenshot-3.png"&gt;&lt;img src="selenium-screenshot-3.png" width="800px"&gt;&lt;/a&gt;</msg>
<msg timestamp="20220922 18:06:11.329" level="FAIL">Element with locator '//*[@class="sc-mcd__filter__item " and contains(.,'Synthetic Indices')]' not found.</msg>
<status status="FAIL" starttime="20220922 18:06:10.540" endtime="20220922 18:06:11.339"/>
</kw>
<kw name="Click Element" library="SeleniumLibrary">
<arg>//*[@class="sc-mcd__item__name" and contains(.,'Volatility 50 Index')]</arg>
<doc>Click the element identified by ``locator``.</doc>
<status status="NOT RUN" starttime="20220922 18:06:11.339" endtime="20220922 18:06:11.339"/>
</kw>
<status status="FAIL" starttime="20220922 18:06:10.064" endtime="20220922 18:06:11.340"/>
</kw>
<status status="FAIL" starttime="20220922 18:06:10.063" endtime="20220922 18:06:11.340">Element with locator '//*[@class="sc-mcd__filter__item " and contains(.,'Synthetic Indices')]' not found.</status>
</test>
<test id="s1-t3" name="Contract Type" line="47">
<kw name="Select Contract Type">
<kw name="Wait Until Page Contains Element" library="SeleniumLibrary">
<arg>//*[@data-testid="dt_contract_dropdown"]</arg>
<arg>30</arg>
<doc>Waits until the element ``locator`` appears on the current page.</doc>
<status status="PASS" starttime="20220922 18:06:11.354" endtime="20220922 18:06:11.586"/>
</kw>
<kw name="Click Element" library="SeleniumLibrary">
<arg>//*[@data-testid="dt_contract_dropdown"]</arg>
<doc>Click the element identified by ``locator``.</doc>
<msg timestamp="20220922 18:06:11.588" level="INFO">Clicking element '//*[@data-testid="dt_contract_dropdown"]'.</msg>
<status status="PASS" starttime="20220922 18:06:11.587" endtime="20220922 18:06:13.068"/>
</kw>
<kw name="Click Element" library="SeleniumLibrary">
<arg>//*[@class="dc-text contract-type-item__title" and contains(.,'Multipliers')]</arg>
<doc>Click the element identified by ``locator``.</doc>
<msg timestamp="20220922 18:06:13.075" level="INFO">Clicking element '//*[@class="dc-text contract-type-item__title" and contains(.,'Multipliers')]'.</msg>
<status status="PASS" starttime="20220922 18:06:13.074" endtime="20220922 18:06:15.112"/>
</kw>
<kw name="Wait Until Page Contains Element" library="SeleniumLibrary">
<arg>//*[@name="contract_type" and contains(.,'Multipliers')]</arg>
<doc>Waits until the element ``locator`` appears on the current page.</doc>
<status status="PASS" starttime="20220922 18:06:15.113" endtime="20220922 18:06:16.267"/>
</kw>
<status status="PASS" starttime="20220922 18:06:11.354" endtime="20220922 18:06:16.270"/>
</kw>
<status status="PASS" starttime="20220922 18:06:11.353" endtime="20220922 18:06:16.271"/>
</test>
<test id="s1-t4" name="Check Stake and Payout" line="51">
<kw name="Check Stake">
<kw name="Wait Until Page Contains Element" library="SeleniumLibrary">
<arg>//*[@class="trade-container__fieldset-info trade-container__fieldset-info--left" and contains(.,'Stake')]</arg>
<doc>Waits until the element ``locator`` appears on the current page.</doc>
<status status="PASS" starttime="20220922 18:06:16.274" endtime="20220922 18:06:16.494"/>
</kw>
<status status="PASS" starttime="20220922 18:06:16.274" endtime="20220922 18:06:16.495"/>
</kw>
<kw name="Check Payout">
<kw name="Wait Until Page Does Not Contain Element" library="SeleniumLibrary">
<arg>//*[@class="trade-container__fieldset-info trade-container__fieldset-info--left" and contains(.,'Payout')]</arg>
<doc>Waits until the element ``locator`` disappears from the current page.</doc>
<status status="PASS" starttime="20220922 18:06:16.496" endtime="20220922 18:06:16.906"/>
</kw>
<status status="PASS" starttime="20220922 18:06:16.495" endtime="20220922 18:06:16.907"/>
</kw>
<status status="PASS" starttime="20220922 18:06:16.273" endtime="20220922 18:06:16.908"/>
</test>
<test id="s1-t5" name="Check Deal Cancellation, TP/SL" line="55">
<kw name="Check TP/SL">
<kw name="Click Element" library="SeleniumLibrary">
<arg>//*[@id='dc_take_profit-checkbox_input']/../span[@class='dc-checkbox__box']</arg>
<doc>Click the element identified by ``locator``.</doc>
<msg timestamp="20220922 18:06:16.910" level="INFO">Clicking element '//*[@id='dc_take_profit-checkbox_input']/../span[@class='dc-checkbox__box']'.</msg>
<status status="PASS" starttime="20220922 18:06:16.910" endtime="20220922 18:06:18.658"/>
</kw>
<kw name="Click Element" library="SeleniumLibrary">
<arg>//*[@id='dc_stop_loss-checkbox_input']/../span[@class='dc-checkbox__box']</arg>
<doc>Click the element identified by ``locator``.</doc>
<msg timestamp="20220922 18:06:18.666" level="INFO">Clicking element '//*[@id='dc_stop_loss-checkbox_input']/../span[@class='dc-checkbox__box']'.</msg>
<status status="PASS" starttime="20220922 18:06:18.658" endtime="20220922 18:06:19.113"/>
</kw>
<kw name="Checkbox Should Be Selected" library="SeleniumLibrary">
<arg>//*[@id='dc_take_profit-checkbox_input']/../span[@class='dc-checkbox__box']</arg>
<doc>Verifies checkbox ``locator`` is selected/checked.</doc>
<msg timestamp="20220922 18:06:19.115" level="INFO">Verifying checkbox '//*[@id='dc_take_profit-checkbox_input']/../span[@class='dc-checkbox__box']' is selected.</msg>
<msg timestamp="20220922 18:06:19.828" level="INFO" html="true">&lt;/td&gt;&lt;/tr&gt;&lt;tr&gt;&lt;td colspan="3"&gt;&lt;a href="selenium-screenshot-4.png"&gt;&lt;img src="selenium-screenshot-4.png" width="800px"&gt;&lt;/a&gt;</msg>
<msg timestamp="20220922 18:06:19.829" level="FAIL">Checkbox with locator '//*[@id='dc_take_profit-checkbox_input']/../span[@class='dc-checkbox__box']' not found.</msg>
<status status="FAIL" starttime="20220922 18:06:19.114" endtime="20220922 18:06:19.834"/>
</kw>
<kw name="Checkbox Should Be Selected" library="SeleniumLibrary">
<arg>//*[@id='dc_stop_loss-checkbox_input']/../span[@class='dc-checkbox__box']</arg>
<doc>Verifies checkbox ``locator`` is selected/checked.</doc>
<status status="NOT RUN" starttime="20220922 18:06:19.834" endtime="20220922 18:06:19.834"/>
</kw>
<kw name="Checkbox Should Not Be Selected" library="SeleniumLibrary">
<arg>//*[@id='dt_cancellation-checkbox_input']/../span[@class='dc-checkbox__box']</arg>
<doc>Verifies checkbox ``locator`` is not selected/checked.</doc>
<status status="NOT RUN" starttime="20220922 18:06:19.835" endtime="20220922 18:06:19.835"/>
</kw>
<status status="FAIL" starttime="20220922 18:06:16.909" endtime="20220922 18:06:19.835"/>
</kw>
<kw name="Check Deal Cancellation">
<status status="NOT RUN" starttime="20220922 18:06:19.836" endtime="20220922 18:06:19.836"/>
</kw>
<status status="FAIL" starttime="20220922 18:06:16.909" endtime="20220922 18:06:19.836">Checkbox with locator '//*[@id='dc_take_profit-checkbox_input']/../span[@class='dc-checkbox__box']' not found.</status>
</test>
<status status="FAIL" starttime="20220922 18:05:47.093" endtime="20220922 18:06:19.839"/>
</suite>
<statistics>
<total>
<stat pass="3" fail="2" skip="0">All Tests</stat>
</total>
<tag>
</tag>
<suite>
<stat pass="3" fail="2" skip="0" id="s1" name="Task5">Task5</stat>
</suite>
</statistics>
<errors>
</errors>
</robot>
