<?xml version="1.0" encoding="UTF-8"?>
<robot generator="Robot 5.0.1 (Python 3.8.10 on linux)" generated="20220923 08:38:17.863" rpa="false" schemaversion="3">
<suite id="s1" name="Task5" source="/home/goh/Desktop/QA/Robot Framework Projects/Robot Framework Task 5/task5.robot">
<test id="s1-t1" name="Login to Demo" line="79">
<kw name="Login" library="resources">
<kw name="Open Browser" library="SeleniumLibrary">
<arg>https://app.deriv.com/</arg>
<arg>chrome</arg>
<doc>Opens a new browser instance to the optional ``url``.</doc>
<msg timestamp="20220923 08:38:17.947" level="INFO">Opening browser 'chrome' to base url 'https://app.deriv.com/'.</msg>
<status status="PASS" starttime="20220923 08:38:17.947" endtime="20220923 08:38:22.054"/>
</kw>
<kw name="Maximize Browser Window" library="SeleniumLibrary">
<doc>Maximizes current browser window.</doc>
<status status="PASS" starttime="20220923 08:38:22.055" endtime="20220923 08:38:22.171"/>
</kw>
<kw name="Wait Until Page Contains Element" library="SeleniumLibrary">
<arg>${rise button}</arg>
<arg>30</arg>
<doc>Waits until the element ``locator`` appears on the current page.</doc>
<status status="PASS" starttime="20220923 08:38:22.171" endtime="20220923 08:38:25.232"/>
</kw>
<kw name="Click Element" library="SeleniumLibrary">
<arg>dt_login_button</arg>
<doc>Click the element identified by ``locator``.</doc>
<msg timestamp="20220923 08:38:25.232" level="INFO">Clicking element 'dt_login_button'.</msg>
<status status="PASS" starttime="20220923 08:38:25.232" endtime="20220923 08:38:27.915"/>
</kw>
<kw name="Wait Until Page Contains Element" library="SeleniumLibrary">
<arg>${email field}</arg>
<arg>10</arg>
<doc>Waits until the element ``locator`` appears on the current page.</doc>
<status status="PASS" starttime="20220923 08:38:27.915" endtime="20220923 08:38:27.926"/>
</kw>
<kw name="Input Text" library="SeleniumLibrary">
<arg>${email field}</arg>
<arg>si.yu@besquare.com.my</arg>
<doc>Types the given ``text`` into the text field identified by ``locator``.</doc>
<msg timestamp="20220923 08:38:27.927" level="INFO">Typing text 'si.yu@besquare.com.my' into text field '//input[@type='email']'.</msg>
<status status="PASS" starttime="20220923 08:38:27.926" endtime="20220923 08:38:27.979"/>
</kw>
<kw name="Input Text" library="SeleniumLibrary">
<arg>//input[@type='password']</arg>
<arg>DerivPassWord123</arg>
<doc>Types the given ``text`` into the text field identified by ``locator``.</doc>
<msg timestamp="20220923 08:38:27.979" level="INFO">Typing text 'DerivPassWord123' into text field '//input[@type='password']'.</msg>
<status status="PASS" starttime="20220923 08:38:27.979" endtime="20220923 08:38:28.030"/>
</kw>
<kw name="Click Element" library="SeleniumLibrary">
<arg>//button[@type='submit']</arg>
<doc>Click the element identified by ``locator``.</doc>
<msg timestamp="20220923 08:38:28.031" level="INFO">Clicking element '//button[@type='submit']'.</msg>
<status status="PASS" starttime="20220923 08:38:28.030" endtime="20220923 08:38:31.470"/>
</kw>
<kw name="Wait Until Page Does Not Contain Element" library="SeleniumLibrary">
<arg>${loading interface}</arg>
<arg>30</arg>
<doc>Waits until the element ``locator`` disappears from the current page.</doc>
<status status="PASS" starttime="20220923 08:38:31.471" endtime="20220923 08:38:33.450"/>
</kw>
<status status="PASS" starttime="20220923 08:38:17.947" endtime="20220923 08:38:33.450"/>
</kw>
<kw name="Check Real Account" library="resources">
<kw name="Click Element" library="SeleniumLibrary">
<arg>${account info button}</arg>
<doc>Click the element identified by ``locator``.</doc>
<msg timestamp="20220923 08:38:33.451" level="INFO">Clicking element 'dt_core_account-info_acc-info'.</msg>
<status status="PASS" starttime="20220923 08:38:33.450" endtime="20220923 08:38:33.807"/>
</kw>
<kw name="Wait Until Page Contains Element" library="SeleniumLibrary">
<arg>//*[@class='acc-switcher__account acc-switcher__account--selected']</arg>
<doc>Waits until the element ``locator`` appears on the current page.</doc>
<status status="PASS" starttime="20220923 08:38:33.807" endtime="20220923 08:38:33.830"/>
</kw>
<status status="PASS" starttime="20220923 08:38:33.450" endtime="20220923 08:38:33.830"/>
</kw>
<kw name="Switch to Demo" library="resources">
<kw name="Click Element" library="SeleniumLibrary">
<arg>dt_core_account-switcher_demo-tab</arg>
<doc>Click the element identified by ``locator``.</doc>
<msg timestamp="20220923 08:38:33.831" level="INFO">Clicking element 'dt_core_account-switcher_demo-tab'.</msg>
<status status="PASS" starttime="20220923 08:38:33.830" endtime="20220923 08:38:33.921"/>
</kw>
<kw name="Click Element" library="SeleniumLibrary">
<arg>//*[@class='acc-switcher__id']</arg>
<doc>Click the element identified by ``locator``.</doc>
<msg timestamp="20220923 08:38:33.921" level="INFO">Clicking element '//*[@class='acc-switcher__id']'.</msg>
<status status="PASS" starttime="20220923 08:38:33.921" endtime="20220923 08:38:34.190"/>
</kw>
<status status="PASS" starttime="20220923 08:38:33.830" endtime="20220923 08:38:34.190"/>
</kw>
<kw name="Check Demo Account" library="resources">
<kw name="Wait Until Page Does Not Contain Element" library="SeleniumLibrary">
<arg>${loading interface}</arg>
<arg>30</arg>
<doc>Waits until the element ``locator`` disappears from the current page.</doc>
<status status="PASS" starttime="20220923 08:38:34.191" endtime="20220923 08:38:39.762"/>
</kw>
<kw name="Click Element" library="SeleniumLibrary">
<arg>${account info button}</arg>
<doc>Click the element identified by ``locator``.</doc>
<msg timestamp="20220923 08:38:39.762" level="INFO">Clicking element 'dt_core_account-info_acc-info'.</msg>
<status status="PASS" starttime="20220923 08:38:39.762" endtime="20220923 08:38:39.816"/>
</kw>
<kw name="Wait Until Page Contains Element" library="SeleniumLibrary">
<arg>//*[@class='acc-switcher__account acc-switcher__account--selected']</arg>
<doc>Waits until the element ``locator`` appears on the current page.</doc>
<status status="PASS" starttime="20220923 08:38:39.816" endtime="20220923 08:38:39.823"/>
</kw>
<status status="PASS" starttime="20220923 08:38:34.191" endtime="20220923 08:38:39.823"/>
</kw>
<status status="PASS" starttime="20220923 08:38:17.946" endtime="20220923 08:38:39.824"/>
</test>
<test id="s1-t2" name="Underlying" line="85">
<kw name="Select Underlying" library="resources">
<arg>Synthetic Indices</arg>
<arg>Volatility 50 Index</arg>
<kw name="Click Element" library="SeleniumLibrary">
<arg>//*[@class="cq-symbol-select-btn"]</arg>
<doc>Click the element identified by ``locator``.</doc>
<msg timestamp="20220923 08:38:39.825" level="INFO">Clicking element '//*[@class="cq-symbol-select-btn"]'.</msg>
<status status="PASS" starttime="20220923 08:38:39.825" endtime="20220923 08:38:39.908"/>
</kw>
<kw name="Click Element" library="SeleniumLibrary">
<arg>//*[@class="sc-mcd__filter__item " and contains(.,'${market}')]</arg>
<doc>Click the element identified by ``locator``.</doc>
<msg timestamp="20220923 08:38:39.908" level="INFO">Clicking element '//*[@class="sc-mcd__filter__item " and contains(.,'Synthetic Indices')]'.</msg>
<status status="PASS" starttime="20220923 08:38:39.908" endtime="20220923 08:38:40.259"/>
</kw>
<kw name="Wait Until Page Contains Element" library="SeleniumLibrary">
<arg>//*[@class="sc-mcd__filter__item sc-mcd__filter__item--selected"]</arg>
<arg>30</arg>
<doc>Waits until the element ``locator`` appears on the current page.</doc>
<status status="PASS" starttime="20220923 08:38:40.259" endtime="20220923 08:38:40.270"/>
</kw>
<kw name="Click Element" library="SeleniumLibrary">
<arg>//*[@class="sc-mcd__item__name" and contains(.,'${indices}')]</arg>
<doc>Click the element identified by ``locator``.</doc>
<msg timestamp="20220923 08:38:40.271" level="INFO">Clicking element '//*[@class="sc-mcd__item__name" and contains(.,'Volatility 50 Index')]'.</msg>
<status status="PASS" starttime="20220923 08:38:40.270" endtime="20220923 08:38:40.424"/>
</kw>
<status status="PASS" starttime="20220923 08:38:39.824" endtime="20220923 08:38:40.424"/>
</kw>
<status status="PASS" starttime="20220923 08:38:39.824" endtime="20220923 08:38:40.424"/>
</test>
<test id="s1-t3" name="Contract Type" line="88">
<kw name="Select Contract Type" library="resources">
<arg>Multipliers</arg>
<kw name="Wait Until Page Contains Element" library="SeleniumLibrary">
<arg>//*[@data-testid="dt_contract_dropdown"]</arg>
<arg>30</arg>
<doc>Waits until the element ``locator`` appears on the current page.</doc>
<status status="PASS" starttime="20220923 08:38:40.425" endtime="20220923 08:38:41.213"/>
</kw>
<kw name="Click Element" library="SeleniumLibrary">
<arg>//*[@data-testid="dt_contract_dropdown"]</arg>
<doc>Click the element identified by ``locator``.</doc>
<msg timestamp="20220923 08:38:41.213" level="INFO">Clicking element '//*[@data-testid="dt_contract_dropdown"]'.</msg>
<status status="PASS" starttime="20220923 08:38:41.213" endtime="20220923 08:38:41.306"/>
</kw>
<kw name="Click Element" library="SeleniumLibrary">
<arg>//*[@class="dc-text contract-type-item__title" and contains(.,'${type}')]</arg>
<doc>Click the element identified by ``locator``.</doc>
<msg timestamp="20220923 08:38:41.307" level="INFO">Clicking element '//*[@class="dc-text contract-type-item__title" and contains(.,'Multipliers')]'.</msg>
<status status="PASS" starttime="20220923 08:38:41.307" endtime="20220923 08:38:41.533"/>
</kw>
<status status="PASS" starttime="20220923 08:38:40.425" endtime="20220923 08:38:41.533"/>
</kw>
<status status="PASS" starttime="20220923 08:38:40.425" endtime="20220923 08:38:41.533"/>
</test>
<test id="s1-t4" name="Check Stake and Payout" line="92">
<kw name="Check Stake">
<kw name="Wait Until Page Contains Element" library="SeleniumLibrary">
<arg>//*[@class="trade-container__fieldset-info trade-container__fieldset-info--left" and contains(.,'Stake')]</arg>
<doc>Waits until the element ``locator`` appears on the current page.</doc>
<status status="PASS" starttime="20220923 08:38:41.534" endtime="20220923 08:38:41.553"/>
</kw>
<status status="PASS" starttime="20220923 08:38:41.534" endtime="20220923 08:38:41.553"/>
</kw>
<kw name="Check Payout">
<kw name="Wait Until Page Does Not Contain Element" library="SeleniumLibrary">
<arg>//*[@class="trade-container__fieldset-info trade-container__fieldset-info--left" and contains(.,'Payout')]</arg>
<doc>Waits until the element ``locator`` disappears from the current page.</doc>
<status status="PASS" starttime="20220923 08:38:41.554" endtime="20220923 08:38:41.596"/>
</kw>
<status status="PASS" starttime="20220923 08:38:41.554" endtime="20220923 08:38:41.597"/>
</kw>
<status status="PASS" starttime="20220923 08:38:41.534" endtime="20220923 08:38:41.597"/>
</test>
<test id="s1-t5" name="Check Deal Cancellation, TP/SL" line="96">
<kw name="Check TP/SL">
<kw name="Click Element" library="SeleniumLibrary">
<arg>//*[@id='dc_take_profit-checkbox_input']/../span[@class='dc-checkbox__box']</arg>
<doc>Click the element identified by ``locator``.</doc>
<msg timestamp="20220923 08:38:41.598" level="INFO">Clicking element '//*[@id='dc_take_profit-checkbox_input']/../span[@class='dc-checkbox__box']'.</msg>
<status status="PASS" starttime="20220923 08:38:41.598" endtime="20220923 08:38:41.729"/>
</kw>
<kw name="Input Text" library="SeleniumLibrary">
<arg>//*[@class="dc-input-wrapper__input input--has-inline-prefix input input--error trade-container__input"]</arg>
<arg>10.00</arg>
<doc>Types the given ``text`` into the text field identified by ``locator``.</doc>
<msg timestamp="20220923 08:38:41.729" level="INFO">Typing text '10.00' into text field '//*[@class="dc-input-wrapper__input input--has-inline-prefix input input--error trade-container__input"]'.</msg>
<status status="PASS" starttime="20220923 08:38:41.729" endtime="20220923 08:38:41.843"/>
</kw>
<kw name="Click Element" library="SeleniumLibrary">
<arg>//*[@id='dc_stop_loss-checkbox_input']/../span[@class='dc-checkbox__box']</arg>
<doc>Click the element identified by ``locator``.</doc>
<msg timestamp="20220923 08:38:41.844" level="INFO">Clicking element '//*[@id='dc_stop_loss-checkbox_input']/../span[@class='dc-checkbox__box']'.</msg>
<status status="PASS" starttime="20220923 08:38:41.844" endtime="20220923 08:38:42.160"/>
</kw>
<kw name="Input Text" library="SeleniumLibrary">
<arg>//*[@class="dc-input-wrapper__input input--has-inline-prefix input input--error trade-container__input"]</arg>
<arg>10.00</arg>
<doc>Types the given ``text`` into the text field identified by ``locator``.</doc>
<msg timestamp="20220923 08:38:42.160" level="INFO">Typing text '10.00' into text field '//*[@class="dc-input-wrapper__input input--has-inline-prefix input input--error trade-container__input"]'.</msg>
<status status="PASS" starttime="20220923 08:38:42.160" endtime="20220923 08:38:42.329"/>
</kw>
<kw name="Wait Until Page Contains Element" library="SeleniumLibrary">
<arg>//*[@id='dc_take_profit-checkbox_input']/../*[@class="dc-checkbox__box dc-checkbox__box--active"]</arg>
<arg>30</arg>
<doc>Waits until the element ``locator`` appears on the current page.</doc>
<status status="PASS" starttime="20220923 08:38:42.330" endtime="20220923 08:38:42.339"/>
</kw>
<kw name="Wait Until Page Contains Element" library="SeleniumLibrary">
<arg>//*[@id='dc_stop_loss-checkbox_input']/../*[@class="dc-checkbox__box dc-checkbox__box--active"]</arg>
<arg>30</arg>
<doc>Waits until the element ``locator`` appears on the current page.</doc>
<status status="PASS" starttime="20220923 08:38:42.340" endtime="20220923 08:38:42.351"/>
</kw>
<kw name="Wait Until Page Contains Element" library="SeleniumLibrary">
<arg>//*[@id='dt_cancellation-checkbox_input']/../span[@class='dc-checkbox__box']</arg>
<arg>30</arg>
<doc>Waits until the element ``locator`` appears on the current page.</doc>
<status status="PASS" starttime="20220923 08:38:42.351" endtime="20220923 08:38:42.362"/>
</kw>
<status status="PASS" starttime="20220923 08:38:41.598" endtime="20220923 08:38:42.362"/>
</kw>
<kw name="Check Deal Cancellation">
<kw name="Click Element" library="SeleniumLibrary">
<arg>//*[@for="dt_cancellation-checkbox_input"]</arg>
<doc>Click the element identified by ``locator``.</doc>
<msg timestamp="20220923 08:38:42.363" level="INFO">Clicking element '//*[@for="dt_cancellation-checkbox_input"]'.</msg>
<status status="PASS" starttime="20220923 08:38:42.362" endtime="20220923 08:38:42.459"/>
</kw>
<kw name="Wait Until Page Contains Element" library="SeleniumLibrary">
<arg>${active deal cancellation checkbox}</arg>
<arg>30</arg>
<doc>Waits until the element ``locator`` appears on the current page.</doc>
<status status="PASS" starttime="20220923 08:38:42.459" endtime="20220923 08:38:42.469"/>
</kw>
<kw name="Wait Until Page Contains Element" library="SeleniumLibrary">
<arg>//*[@id='dc_take_profit-checkbox_input']/../span[@class='dc-checkbox__box']</arg>
<arg>30</arg>
<doc>Waits until the element ``locator`` appears on the current page.</doc>
<status status="PASS" starttime="20220923 08:38:42.470" endtime="20220923 08:38:42.475"/>
</kw>
<kw name="Wait Until Page Contains Element" library="SeleniumLibrary">
<arg>//*[@id='dc_stop_loss-checkbox_input']/../span[@class='dc-checkbox__box']</arg>
<arg>30</arg>
<doc>Waits until the element ``locator`` appears on the current page.</doc>
<status status="PASS" starttime="20220923 08:38:42.475" endtime="20220923 08:38:42.480"/>
</kw>
<status status="PASS" starttime="20220923 08:38:42.362" endtime="20220923 08:38:42.480"/>
</kw>
<status status="PASS" starttime="20220923 08:38:41.597" endtime="20220923 08:38:42.480"/>
</test>
<test id="s1-t6" name="Multiplier" line="100">
<kw name="Check Multiplier Selection">
<kw name="Click Element" library="SeleniumLibrary">
<arg>//*[@class="dc-text dc-dropdown__display-text"]</arg>
<doc>Click the element identified by ``locator``.</doc>
<msg timestamp="20220923 08:38:42.481" level="INFO">Clicking element '//*[@class="dc-text dc-dropdown__display-text"]'.</msg>
<status status="PASS" starttime="20220923 08:38:42.481" endtime="20220923 08:38:42.544"/>
</kw>
<kw name="Wait Until Page Contains Element" library="SeleniumLibrary">
<arg>//*[@class="dc-list__item dc-list__item--selected" and contains(.,'20')]</arg>
<arg>30</arg>
<doc>Waits until the element ``locator`` appears on the current page.</doc>
<status status="PASS" starttime="20220923 08:38:42.544" endtime="20220923 08:38:42.559"/>
</kw>
<kw name="Wait Until Page Contains Element" library="SeleniumLibrary">
<arg>//*[@class="dc-list__item" and contains(.,'40')]</arg>
<arg>30</arg>
<doc>Waits until the element ``locator`` appears on the current page.</doc>
<status status="PASS" starttime="20220923 08:38:42.560" endtime="20220923 08:38:42.570"/>
</kw>
<kw name="Wait Until Page Contains Element" library="SeleniumLibrary">
<arg>//*[@class="dc-list__item" and contains(.,'60')]</arg>
<arg>30</arg>
<doc>Waits until the element ``locator`` appears on the current page.</doc>
<status status="PASS" starttime="20220923 08:38:42.570" endtime="20220923 08:38:42.579"/>
</kw>
<kw name="Wait Until Page Contains Element" library="SeleniumLibrary">
<arg>//*[@class="dc-list__item" and contains(.,'100')]</arg>
<arg>30</arg>
<doc>Waits until the element ``locator`` appears on the current page.</doc>
<status status="PASS" starttime="20220923 08:38:42.579" endtime="20220923 08:38:42.587"/>
</kw>
<kw name="Wait Until Page Contains Element" library="SeleniumLibrary">
<arg>//*[@class="dc-list__item" and contains(.,'200')]</arg>
<arg>30</arg>
<doc>Waits until the element ``locator`` appears on the current page.</doc>
<status status="PASS" starttime="20220923 08:38:42.587" endtime="20220923 08:38:42.596"/>
</kw>
<status status="PASS" starttime="20220923 08:38:42.480" endtime="20220923 08:38:42.596"/>
</kw>
<status status="PASS" starttime="20220923 08:38:42.480" endtime="20220923 08:38:42.596"/>
</test>
<test id="s1-t7" name="Does Deal Cancellation Increase" line="104">
<kw name="Check Deal Cancellation Increases">
<kw name="Press Keys" library="SeleniumLibrary">
<arg>//*[@class="dc-input-wrapper__input input--has-inline-prefix input trade-container__input"]</arg>
<arg>CTRL+A</arg>
<arg>BACKSPACE</arg>
<doc>Simulates the user pressing key(s) to an element or on the active browser.</doc>
<msg timestamp="20220923 08:38:42.597" level="INFO">Sending key(s) ('CTRL+A', 'BACKSPACE') to //*[@class="dc-input-wrapper__input input--has-inline-prefix input trade-container__input"] element.</msg>
<msg timestamp="20220923 08:38:42.935" level="INFO">Pressing special key CONTROL down.</msg>
<msg timestamp="20220923 08:38:42.935" level="INFO">Sending key A</msg>
<msg timestamp="20220923 08:38:42.935" level="INFO">Releasing special key CONTROL.</msg>
<msg timestamp="20220923 08:38:43.078" level="INFO">Pressing special key BACKSPACE to element.</msg>
<msg timestamp="20220923 08:38:43.078" level="INFO">Releasing special key BACKSPACE.</msg>
<status status="PASS" starttime="20220923 08:38:42.597" endtime="20220923 08:38:43.108"/>
</kw>
<kw name="Input Text" library="SeleniumLibrary">
<arg>//*[@class="dc-input-wrapper__input input--has-inline-prefix input input--error trade-container__input"]</arg>
<arg>10.00</arg>
<doc>Types the given ``text`` into the text field identified by ``locator``.</doc>
<msg timestamp="20220923 08:38:43.108" level="INFO">Typing text '10.00' into text field '//*[@class="dc-input-wrapper__input input--has-inline-prefix input input--error trade-container__input"]'.</msg>
<status status="PASS" starttime="20220923 08:38:43.108" endtime="20220923 08:38:43.231"/>
</kw>
<kw name="Wait Until Page Contains Element" library="SeleniumLibrary">
<arg>${active deal cancellation checkbox}</arg>
<arg>30</arg>
<doc>Waits until the element ``locator`` appears on the current page.</doc>
<status status="PASS" starttime="20220923 08:38:43.231" endtime="20220923 08:38:43.238"/>
</kw>
<kw name="Click Element" library="SeleniumLibrary">
<arg>dt_amount_input_add</arg>
<doc>Click the element identified by ``locator``.</doc>
<msg timestamp="20220923 08:38:43.238" level="INFO">Clicking element 'dt_amount_input_add'.</msg>
<status status="PASS" starttime="20220923 08:38:43.238" endtime="20220923 08:38:43.285"/>
</kw>
<kw name="Wait Until Page Contains Element" library="SeleniumLibrary">
<arg>//*[@class="trade-container__price-info-currency" and contains(.,'0.48')]</arg>
<arg>30</arg>
<doc>Waits until the element ``locator`` appears on the current page.</doc>
<status status="PASS" starttime="20220923 08:38:43.285" endtime="20220923 08:38:44.171"/>
</kw>
<status status="PASS" starttime="20220923 08:38:42.596" endtime="20220923 08:38:44.171"/>
</kw>
<status status="PASS" starttime="20220923 08:38:42.596" endtime="20220923 08:38:44.171"/>
</test>
<test id="s1-t8" name="Maximum Stake" line="107">
<kw name="Check Maximum Stake">
<kw name="Press Keys" library="SeleniumLibrary">
<arg>//*[@class="dc-input-wrapper__input input--has-inline-prefix input trade-container__input"]</arg>
<arg>CTRL+A</arg>
<arg>BACKSPACE</arg>
<doc>Simulates the user pressing key(s) to an element or on the active browser.</doc>
<msg timestamp="20220923 08:38:44.173" level="INFO">Sending key(s) ('CTRL+A', 'BACKSPACE') to //*[@class="dc-input-wrapper__input input--has-inline-prefix input trade-container__input"] element.</msg>
<msg timestamp="20220923 08:38:44.517" level="INFO">Pressing special key CONTROL down.</msg>
<msg timestamp="20220923 08:38:44.517" level="INFO">Sending key A</msg>
<msg timestamp="20220923 08:38:44.517" level="INFO">Releasing special key CONTROL.</msg>
<msg timestamp="20220923 08:38:44.531" level="INFO">Pressing special key BACKSPACE to element.</msg>
<msg timestamp="20220923 08:38:44.531" level="INFO">Releasing special key BACKSPACE.</msg>
<status status="PASS" starttime="20220923 08:38:44.173" endtime="20220923 08:38:44.581"/>
</kw>
<kw name="Input Text" library="SeleniumLibrary">
<arg>//*[@class="dc-input-wrapper__input input--has-inline-prefix input input--error trade-container__input"]</arg>
<arg>2001</arg>
<doc>Types the given ``text`` into the text field identified by ``locator``.</doc>
<msg timestamp="20220923 08:38:44.582" level="INFO">Typing text '2001' into text field '//*[@class="dc-input-wrapper__input input--has-inline-prefix input input--error trade-container__input"]'.</msg>
<status status="PASS" starttime="20220923 08:38:44.581" endtime="20220923 08:38:44.693"/>
</kw>
<kw name="Wait Until Page Contains Element" library="SeleniumLibrary">
<arg>//*[@class="trade-container__fieldset-wrapper trade-container__fieldset-wrapper--disabled" and contains(.,'0.00')]</arg>
<arg>30</arg>
<doc>Waits until the element ``locator`` appears on the current page.</doc>
<status status="PASS" starttime="20220923 08:38:44.693" endtime="20220923 08:38:44.773"/>
</kw>
<status status="PASS" starttime="20220923 08:38:44.172" endtime="20220923 08:38:44.774"/>
</kw>
<status status="PASS" starttime="20220923 08:38:44.172" endtime="20220923 08:38:44.774"/>
</test>
<test id="s1-t9" name="Minimum Stake" line="110">
<kw name="Check Minimum Stake">
<kw name="Press Keys" library="SeleniumLibrary">
<arg>//*[@class="dc-input-wrapper__input input--has-inline-prefix input trade-container__input"]</arg>
<arg>CTRL+A</arg>
<arg>BACKSPACE</arg>
<doc>Simulates the user pressing key(s) to an element or on the active browser.</doc>
<msg timestamp="20220923 08:38:44.776" level="INFO">Sending key(s) ('CTRL+A', 'BACKSPACE') to //*[@class="dc-input-wrapper__input input--has-inline-prefix input trade-container__input"] element.</msg>
<msg timestamp="20220923 08:38:45.109" level="INFO">Pressing special key CONTROL down.</msg>
<msg timestamp="20220923 08:38:45.109" level="INFO">Sending key A</msg>
<msg timestamp="20220923 08:38:45.109" level="INFO">Releasing special key CONTROL.</msg>
<msg timestamp="20220923 08:38:45.116" level="INFO">Pressing special key BACKSPACE to element.</msg>
<msg timestamp="20220923 08:38:45.116" level="INFO">Releasing special key BACKSPACE.</msg>
<status status="PASS" starttime="20220923 08:38:44.775" endtime="20220923 08:38:45.141"/>
</kw>
<kw name="Input Text" library="SeleniumLibrary">
<arg>//*[@class="dc-input-wrapper__input input--has-inline-prefix input input--error trade-container__input"]</arg>
<arg>0.5</arg>
<doc>Types the given ``text`` into the text field identified by ``locator``.</doc>
<msg timestamp="20220923 08:38:45.141" level="INFO">Typing text '0.5' into text field '//*[@class="dc-input-wrapper__input input--has-inline-prefix input input--error trade-container__input"]'.</msg>
<status status="PASS" starttime="20220923 08:38:45.141" endtime="20220923 08:38:45.236"/>
</kw>
<kw name="Wait Until Page Contains Element" library="SeleniumLibrary">
<arg>//*[@class="trade-container__tooltip dc-tooltip dc-tooltip--error"]</arg>
<arg>30</arg>
<doc>Waits until the element ``locator`` appears on the current page.</doc>
<status status="PASS" starttime="20220923 08:38:45.237" endtime="20220923 08:38:46.299"/>
</kw>
<status status="PASS" starttime="20220923 08:38:44.775" endtime="20220923 08:38:46.299"/>
</kw>
<status status="PASS" starttime="20220923 08:38:44.774" endtime="20220923 08:38:46.300"/>
</test>
<test id="s1-t10" name="Plus Button Test" line="113">
<kw name="Test Plus Button">
<kw name="Click Element" library="SeleniumLibrary">
<arg>dt_amount_input_add</arg>
<doc>Click the element identified by ``locator``.</doc>
<msg timestamp="20220923 08:38:46.302" level="INFO">Clicking element 'dt_amount_input_add'.</msg>
<status status="PASS" starttime="20220923 08:38:46.302" endtime="20220923 08:38:46.374"/>
</kw>
<kw name="Wait Until Page Contains Element" library="SeleniumLibrary">
<arg>//*[@value="1.5"]</arg>
<arg>30</arg>
<doc>Waits until the element ``locator`` appears on the current page.</doc>
<status status="PASS" starttime="20220923 08:38:46.374" endtime="20220923 08:38:46.385"/>
</kw>
<status status="PASS" starttime="20220923 08:38:46.301" endtime="20220923 08:38:46.385"/>
</kw>
<status status="PASS" starttime="20220923 08:38:46.301" endtime="20220923 08:38:46.385"/>
</test>
<test id="s1-t11" name="Minus Button Test" line="116">
<kw name="Test Minus Button">
<kw name="Click Element" library="SeleniumLibrary">
<arg>dt_amount_input_sub</arg>
<doc>Click the element identified by ``locator``.</doc>
<msg timestamp="20220923 08:38:46.386" level="INFO">Clicking element 'dt_amount_input_sub'.</msg>
<status status="PASS" starttime="20220923 08:38:46.386" endtime="20220923 08:38:46.457"/>
</kw>
<kw name="Wait Until Page Contains Element" library="SeleniumLibrary">
<arg>//*[@value="0.5"]</arg>
<arg>30</arg>
<doc>Waits until the element ``locator`` appears on the current page.</doc>
<status status="PASS" starttime="20220923 08:38:46.457" endtime="20220923 08:38:46.468"/>
</kw>
<status status="PASS" starttime="20220923 08:38:46.386" endtime="20220923 08:38:46.468"/>
</kw>
<status status="PASS" starttime="20220923 08:38:46.386" endtime="20220923 08:38:46.469"/>
</test>
<test id="s1-t12" name="Deal Cancellation Duration" line="119">
<kw name="Check Deal Cancellation Duration">
<kw name="Wait Until Page Contains Element" library="SeleniumLibrary">
<arg>${active deal cancellation checkbox}</arg>
<arg>30</arg>
<doc>Waits until the element ``locator`` appears on the current page.</doc>
<status status="PASS" starttime="20220923 08:38:46.469" endtime="20220923 08:38:46.475"/>
</kw>
<kw name="Wait Until Page Contains Element" library="SeleniumLibrary">
<arg>//*[@class="dc-text dc-dropdown__display-text" and contains(.,'minutes')]</arg>
<arg>30</arg>
<doc>Waits until the element ``locator`` appears on the current page.</doc>
<status status="PASS" starttime="20220923 08:38:46.475" endtime="20220923 08:38:46.487"/>
</kw>
<kw name="Click Element" library="SeleniumLibrary">
<arg>//*[@class="dc-text dc-dropdown__display-text" and contains(.,'minutes')]</arg>
<doc>Click the element identified by ``locator``.</doc>
<msg timestamp="20220923 08:38:46.488" level="INFO">Clicking element '//*[@class="dc-text dc-dropdown__display-text" and contains(.,'minutes')]'.</msg>
<status status="PASS" starttime="20220923 08:38:46.488" endtime="20220923 08:38:46.541"/>
</kw>
<kw name="Wait Until Page Contains Element" library="SeleniumLibrary">
<arg>//*[@value="5m"]</arg>
<arg>30</arg>
<doc>Waits until the element ``locator`` appears on the current page.</doc>
<status status="PASS" starttime="20220923 08:38:46.541" endtime="20220923 08:38:46.550"/>
</kw>
<kw name="Wait Until Page Contains Element" library="SeleniumLibrary">
<arg>//*[@value="10m"]</arg>
<arg>30</arg>
<doc>Waits until the element ``locator`` appears on the current page.</doc>
<status status="PASS" starttime="20220923 08:38:46.550" endtime="20220923 08:38:46.557"/>
</kw>
<kw name="Wait Until Page Contains Element" library="SeleniumLibrary">
<arg>//*[@value="15m"]</arg>
<arg>30</arg>
<doc>Waits until the element ``locator`` appears on the current page.</doc>
<status status="PASS" starttime="20220923 08:38:46.557" endtime="20220923 08:38:46.565"/>
</kw>
<kw name="Wait Until Page Contains Element" library="SeleniumLibrary">
<arg>//*[@value="30m"]</arg>
<arg>30</arg>
<doc>Waits until the element ``locator`` appears on the current page.</doc>
<status status="PASS" starttime="20220923 08:38:46.565" endtime="20220923 08:38:46.572"/>
</kw>
<kw name="Wait Until Page Contains Element" library="SeleniumLibrary">
<arg>//*[@class="dc-list__item dc-list__item--selected"]</arg>
<arg>30</arg>
<doc>Waits until the element ``locator`` appears on the current page.</doc>
<status status="PASS" starttime="20220923 08:38:46.572" endtime="20220923 08:38:46.581"/>
</kw>
<status status="PASS" starttime="20220923 08:38:46.469" endtime="20220923 08:38:46.581"/>
</kw>
<status status="PASS" starttime="20220923 08:38:46.469" endtime="20220923 08:38:46.581"/>
</test>
<status status="PASS" starttime="20220923 08:38:17.864" endtime="20220923 08:38:46.582"/>
</suite>
<statistics>
<total>
<stat pass="12" fail="0" skip="0">All Tests</stat>
</total>
<tag>
</tag>
<suite>
<stat pass="12" fail="0" skip="0" id="s1" name="Task5">Task5</stat>
</suite>
</statistics>
<errors>
</errors>
</robot>
